[debug] [2022-01-05T18:55:13.907Z] ----------------------------------------------------------------------
[debug] [2022-01-05T18:55:13.913Z] Command:       /usr/local/bin/node /usr/local/bin/firebase init
[debug] [2022-01-05T18:55:13.914Z] CLI Version:   10.0.1
[debug] [2022-01-05T18:55:13.915Z] Platform:      linux
[debug] [2022-01-05T18:55:13.916Z] Node Version:  v16.13.1
[debug] [2022-01-05T18:55:13.918Z] Time:          Wed Jan 05 2022 12:55:13 GMT-0600 (Central Standard Time)
[debug] [2022-01-05T18:55:13.918Z] ----------------------------------------------------------------------
[debug] 
[debug] [2022-01-05T18:55:13.934Z] > command requires scopes: ["email","openid","https://www.googleapis.com/auth/cloudplatformprojects.readonly","https://www.googleapis.com/auth/firebase","https://www.googleapis.com/auth/cloud-platform"]
[debug] [2022-01-05T18:55:13.935Z] > authorizing via signed-in user (henry.scheible@hopkinsrobotics.org)
[info] 
     ######## #### ########  ######## ########     ###     ######  ########
     ##        ##  ##     ## ##       ##     ##  ##   ##  ##       ##
     ######    ##  ########  ######   ########  #########  ######  ######
     ##        ##  ##    ##  ##       ##     ## ##     ##       ## ##
     ##       #### ##     ## ######## ########  ##     ##  ######  ########

You're about to initialize a Firebase project in this directory:

  /home/henry/WebstormProjects/scoutingportal

[info] 
=== Project Setup
[info] 
[info] First, let's associate this project directory with a Firebase project.
[info] You can create multiple project aliases by running firebase use --add, 
[info] but for now we'll just set up a default project.
[info] 
[debug] [2022-01-05T18:55:25.908Z] >>> [apiv2][query] GET https://firebase.googleapis.com/v1beta1/projects pageSize=100
[debug] [2022-01-05T18:55:26.398Z] <<< [apiv2][status] GET https://firebase.googleapis.com/v1beta1/projects 200
[debug] [2022-01-05T18:55:26.398Z] <<< [apiv2][body] GET https://firebase.googleapis.com/v1beta1/projects [omitted]
[info] i  Using project frcscouter-2239 (FRCScouter) 
[info] 
=== Hosting Setup
[info] 
[info] Your public directory is the folder (relative to your project directory) that
[info] will contain Hosting assets to be uploaded with firebase deploy. If you
[info] have a build process for your assets, use your build's output directory.
[info] 
[info] ✔  Wrote public/404.html 
[debug] [2022-01-05T18:55:58.992Z] >>> [apiv2][query] GET https://www.gstatic.com/firebasejs/releases.json [none]
[debug] [2022-01-05T18:55:59.084Z] <<< [apiv2][status] GET https://www.gstatic.com/firebasejs/releases.json 200
[debug] [2022-01-05T18:55:59.084Z] <<< [apiv2][body] GET https://www.gstatic.com/firebasejs/releases.json {"current":{"version":"9.6.1","browserURL":"https://www.gstatic.com/firebasejs/9.6.1/firebase.js","packageURL":"https://www.gstatic.com/firebasejs/9.6.1/firebase.tgz"},"live":{"version":"9.6","browserURL":"https://www.gstatic.com/firebasejs/live/9.6/firebase.js","packageURL":"https://www.gstatic.com/firebasejs/live/9.6/firebase.tgz"},"components":{"analytics":"https://www.gstatic.com/firebasejs/9.6.1/firebase-analytics.js","app":"https://www.gstatic.com/firebasejs/9.6.1/firebase-app.js","app-check":"https://www.gstatic.com/firebasejs/9.6.1/firebase-app-check.js","auth":"https://www.gstatic.com/firebasejs/9.6.1/firebase-auth.js","auth/cordova":"https://www.gstatic.com/firebasejs/9.6.1/firebase-auth/cordova.js","auth/react-native":"https://www.gstatic.com/firebasejs/9.6.1/firebase-auth/react-native.js","functions":"https://www.gstatic.com/firebasejs/9.6.1/firebase-functions.js","firestore":"https://www.gstatic.com/firebasejs/9.6.1/firebase-firestore.js","firestore/lite":"https://www.gstatic.com/firebasejs/9.6.1/firebase-firestore/lite.js","storage":"https://www.gstatic.com/firebasejs/9.6.1/firebase-storage.js","performance":"https://www.gstatic.com/firebasejs/9.6.1/firebase-performance.js","remote-config":"https://www.gstatic.com/firebasejs/9.6.1/firebase-remote-config.js","messaging":"https://www.gstatic.com/firebasejs/9.6.1/firebase-messaging.js","messaging/sw":"https://www.gstatic.com/firebasejs/9.6.1/firebase-messaging/sw.js","database":"https://www.gstatic.com/firebasejs/9.6.1/firebase-database.js","firestore.memory":"https://www.gstatic.com/firebasejs/9.6.1/firebase-firestore.memory.js"}}
[info] i  Skipping write of public/index.html 
[info] 
[info] i  Detected a .git folder at /home/henry/WebstormProjects/scoutingportal 
[info] i  Authorizing with GitHub to upload your service account to a GitHub repository's secrets store. 
[info] 
[info] Visit this URL on this device to log in:
[info] https://github.com/login/oauth/authorize?client_id=89cf50f02ac6aaed3484&state=377892391&redirect_uri=http%3A%2F%2Flocalhost%3A9005&scope=read%3Auser%20repo%20public_repo
[info] 
[info] Waiting for authentication...
[debug] [2022-01-05T18:57:34.694Z] >>> HTTP REQUEST POST https://github.com/login/oauth/access_token  
 {"client_id":"89cf50f02ac6aaed3484","client_secret":"3330d14abc895d9a74d5f17cd7a00711fa2c5bf0","code":"4503632a893a70423203","redirect_uri":"http://localhost:9005","state":"377892391"}
[debug] [2022-01-05T18:57:35.003Z] <<< HTTP RESPONSE 200 {"server":"GitHub.com","date":"Wed, 05 Jan 2022 18:57:34 GMT","content-type":"application/json; charset=utf-8","transfer-encoding":"chunked","vary":"X-PJAX, X-PJAX-Container, Accept-Encoding, Accept, X-Requested-With","permissions-policy":"interest-cohort=()","etag":"W/\"72250764aefd5857cd562f7fa7be23b4\"","cache-control":"max-age=0, private, must-revalidate","strict-transport-security":"max-age=31536000; includeSubdomains; preload","x-frame-options":"deny","x-content-type-options":"nosniff","x-xss-protection":"0","referrer-policy":"origin-when-cross-origin, strict-origin-when-cross-origin","expect-ct":"max-age=2592000, report-uri=\"https://api.github.com/_private/browser/errors\"","content-security-policy":"default-src 'none'; base-uri 'self'; block-all-mixed-content; child-src github.com/assets-cdn/worker/ gist.github.com/assets-cdn/worker/; connect-src 'self' uploads.github.com objects-origin.githubusercontent.com www.githubstatus.com collector.githubapp.com api.github.com github-cloud.s3.amazonaws.com github-production-repository-file-5c1aeb.s3.amazonaws.com github-production-upload-manifest-file-7fdce7.s3.amazonaws.com github-production-user-asset-6210df.s3.amazonaws.com cdn.optimizely.com logx.optimizely.com/v1/events translator.github.com wss://alive.github.com; font-src github.githubassets.com; form-action 'self' github.com gist.github.com objects-origin.githubusercontent.com; frame-ancestors 'none'; frame-src render.githubusercontent.com viewscreen.githubusercontent.com notebooks.githubusercontent.com; img-src 'self' data: github.githubassets.com identicons.github.com collector.githubapp.com github-cloud.s3.amazonaws.com secured-user-images.githubusercontent.com/ *.githubusercontent.com; manifest-src 'self'; media-src github.com user-images.githubusercontent.com/; script-src github.githubassets.com; style-src 'unsafe-inline' github.githubassets.com; worker-src github.com/assets-cdn/worker/ gist.github.com/assets-cdn/worker/","x-github-request-id":"C59A:7F9A:36CBBDF:6EB075A:61D5EA1E"}
[debug] [2022-01-05T18:57:35.008Z] >>> [apiv2][query] GET https://api.github.com/user [none]
[debug] [2022-01-05T18:57:35.313Z] <<< [apiv2][status] GET https://api.github.com/user 200
[debug] [2022-01-05T18:57:35.313Z] <<< [apiv2][body] GET https://api.github.com/user {"login":"henryscheible","id":11431976,"node_id":"MDQ6VXNlcjExNDMxOTc2","avatar_url":"https://avatars.githubusercontent.com/u/11431976?v=4","gravatar_id":"","url":"https://api.github.com/users/henryscheible","html_url":"https://github.com/henryscheible","followers_url":"https://api.github.com/users/henryscheible/followers","following_url":"https://api.github.com/users/henryscheible/following{/other_user}","gists_url":"https://api.github.com/users/henryscheible/gists{/gist_id}","starred_url":"https://api.github.com/users/henryscheible/starred{/owner}{/repo}","subscriptions_url":"https://api.github.com/users/henryscheible/subscriptions","organizations_url":"https://api.github.com/users/henryscheible/orgs","repos_url":"https://api.github.com/users/henryscheible/repos","events_url":"https://api.github.com/users/henryscheible/events{/privacy}","received_events_url":"https://api.github.com/users/henryscheible/received_events","type":"User","site_admin":false,"name":"Henry Scheible","company":"Hopkins Technocrats (FRC Team 2239)","blog":"","location":"Minneapolis, MN","email":"henry.scheible@gmail.com","hireable":null,"bio":null,"twitter_username":null,"public_repos":21,"public_gists":0,"followers":2,"following":0,"created_at":"2015-03-11T23:04:19Z","updated_at":"2022-01-05T18:57:23Z","private_gists":0,"total_private_repos":1,"owned_private_repos":1,"disk_usage":24235,"collaborators":0,"two_factor_authentication":false,"plan":{"name":"pro","space":976562499,"collaborators":0,"private_repos":9999}}
[info] 
[info] ✔  Success! Logged into GitHub as henryscheible 
[info] 
